<?xml version="1.0"?>
<!DOCTYPE coverage SYSTEM "http://cobertura.sourceforge.net/xml/coverage-04.dtd">
<coverage 
line-rate="0.55" lines-valid="11" lines-covered="6" branches-valid="2" branches-covered="2" branch-rate="1.00" complexity="0" version="1.0" timestamp="1659278725493">
    <sources>
        <source>--source</source>
        <source>/Users/ravbatta/Documents/git/Jenkins_ScalaMaven/src/main/scala</source>
        <source>/Users/ravbatta/Documents/git/Jenkins_ScalaMaven/target/generated-sources/annotations</source>
    </sources>
    <packages>
        <package name="&lt;empty&gt;" line-rate="0.55" branch-rate="1.00" complexity="0">
            <classes>
                <class name="Divide_Util" filename="Divide_Util.scala" line-rate="0.00" branch-rate="0.00" complexity="0">
                    <methods>
                        <method name="&lt;empty&gt;/Divide_Util/main" signature="()V" line-rate="0.00" branch-rate="0.00" complexity="0">
                            <lines>
                                <line number="7" hits="0" branch="false"/>
                                <line number="7" hits="0" branch="false"/>
                                <line number="7" hits="0" branch="false"/>
                                <line number="6" hits="0" branch="false"/>
                                <line number="7" hits="0" branch="false"/>
                            </lines>
                        </method>
                    </methods>
                    <lines>
                        <line number="7" hits="0" branch="false"/>
                        <line number="7" hits="0" branch="false"/>
                        <line number="7" hits="0" branch="false"/>
                        <line number="6" hits="0" branch="false"/>
                        <line number="7" hits="0" branch="false"/>
                    </lines>
                </class>
                <class name="MyUtil" filename="MyUtil.scala" line-rate="1.00" branch-rate="1.00" complexity="0">
                    <methods>
                        <method name="&lt;empty&gt;/MyUtil/canVote" signature="()V" line-rate="1.00" branch-rate="1.00" complexity="0">
                            <lines>
                                <line number="9" hits="1" branch="false"/>
                                <line number="12" hits="1" branch="false"/>
                                <line number="8" hits="1" branch="false"/>
                                <line number="12" hits="1" branch="false"/>
                                <line number="9" hits="1" branch="false"/>
                            </lines>
                        </method>
                        <method name="&lt;empty&gt;/MyUtil/divide" signature="()V" line-rate="1.00" branch-rate="1.00" complexity="0">
                            <lines>
                                <line number="4" hits="1" branch="false"/>
                            </lines>
                        </method>
                    </methods>
                    <lines>
                        <line number="9" hits="1" branch="false"/>
                        <line number="12" hits="1" branch="false"/>
                        <line number="8" hits="1" branch="false"/>
                        <line number="12" hits="1" branch="false"/>
                        <line number="9" hits="1" branch="false"/>
                        <line number="4" hits="1" branch="false"/>
                    </lines>
                </class>
            </classes>
        </package>
    </packages>
</coverage>
